<?xml version="1.0" encoding="UTF-8"?>
<testng-results ignored="0" total="1" passed="1" failed="0" skipped="0">
  <reporter-output>
  </reporter-output>
  <suite started-at="2025-04-08T21:47:27 IST" name="Default suite" finished-at="2025-04-08T21:47:33 IST" duration-ms="5802">
    <groups>
    </groups>
    <test started-at="2025-04-08T21:47:27 IST" name="Default test" finished-at="2025-04-08T21:47:33 IST" duration-ms="5802">
      <class name="testBase.CartPageTest">
        <test-method is-config="true" signature="openTheBrowser()[pri:0, instance:testBase.CartPageTest@6c1a5b54]" started-at="2025-04-08T21:47:27 IST" name="openTheBrowser" finished-at="2025-04-08T21:47:32 IST" duration-ms="5229" status="PASS">
          <reporter-output>
          </reporter-output>
        </test-method> <!-- openTheBrowser -->
        <test-method signature="verifyTheTilteOfThePage()[pri:0, instance:testBase.CartPageTest@6c1a5b54]" started-at="2025-04-08T21:47:32 IST" name="verifyTheTilteOfThePage" finished-at="2025-04-08T21:47:32 IST" duration-ms="31" status="PASS">
          <reporter-output>
          </reporter-output>
        </test-method> <!-- verifyTheTilteOfThePage -->
        <test-method is-config="true" signature="teardowm()[pri:0, instance:testBase.CartPageTest@6c1a5b54]" started-at="2025-04-08T21:47:32 IST" name="teardowm" finished-at="2025-04-08T21:47:33 IST" duration-ms="362" status="PASS">
          <reporter-output>
          </reporter-output>
        </test-method> <!-- teardowm -->
      </class> <!-- testBase.CartPageTest -->
    </test> <!-- Default test -->
  </suite> <!-- Default suite -->
</testng-results>
